Wed Mar  4 04:30:02 UTC 2026 1216
Wed Mar  4 04:30:10 UTC 2026 5248
Wed Mar  4 04:30:21 UTC 2026 30580
Wed Mar  4 04:30:35 UTC 2026 14320
Wed Mar  4 04:30:49 UTC 2026 8243
Thu Mar  5 04:42:13 UTC 2026 2952
Thu Mar  5 04:42:27 UTC 2026 6514
Thu Mar  5 04:42:33 UTC 2026 19470
Thu Mar  5 04:42:43 UTC 2026 1466
Thu Mar  5 04:42:52 UTC 2026 7895
Fri Mar  6 04:28:17 UTC 2026 11109
Fri Mar  6 04:28:24 UTC 2026 4058
Fri Mar  6 04:28:35 UTC 2026 9940
Sat Mar  7 04:19:16 UTC 2026 14276
Sat Mar  7 04:19:21 UTC 2026 11495
Sun Mar  8 04:39:54 UTC 2026 7405
Sun Mar  8 04:40:01 UTC 2026 9388
Sun Mar  8 04:40:06 UTC 2026 6906
Sun Mar  8 04:40:18 UTC 2026 28894
Sun Mar  8 04:40:23 UTC 2026 19792
Mon Mar  9 04:47:49 UTC 2026 23255
Mon Mar  9 04:48:01 UTC 2026 2489
Mon Mar  9 04:48:08 UTC 2026 2926
Mon Mar  9 04:48:21 UTC 2026 12172
Tue Mar 10 04:27:54 UTC 2026 26281
Tue Mar 10 04:28:08 UTC 2026 22333
Tue Mar 10 04:28:16 UTC 2026 7613
Tue Mar 10 04:28:23 UTC 2026 28409
Wed Mar 11 04:29:12 UTC 2026 13075
Wed Mar 11 04:29:22 UTC 2026 3360
Wed Mar 11 04:29:35 UTC 2026 23705
Wed Mar 11 04:29:44 UTC 2026 21521
